<?xml version="1.0" encoding="UTF-8"?>
<testng-results ignored="0" total="0" passed="0" failed="0" skipped="0">
  <reporter-output>
  </reporter-output>
  <suite started-at="2026-05-23T20:39:31 IST" name="SeleniumTests" finished-at="2026-05-23T20:39:31 IST" duration-ms="9">
    <groups>
    </groups>
    <test started-at="2026-05-23T20:39:31 IST" name="LoginTest" finished-at="2026-05-23T20:39:31 IST" duration-ms="9">
    </test> <!-- LoginTest -->
  </suite> <!-- SeleniumTests -->
</testng-results>
