<?xml version="1.0" encoding="UTF-8"?>
<testng-results ignored="0" total="1" passed="1" failed="0" skipped="0">
  <reporter-output>
  </reporter-output>
  <suite started-at="2026-05-28T15:08:03 IST" name="SeleniumTests" finished-at="2026-05-28T15:08:06 IST" duration-ms="3577">
    <groups>
    </groups>
    <test started-at="2026-05-28T15:08:03 IST" name="LoginTest" finished-at="2026-05-28T15:08:06 IST" duration-ms="3577">
      <class name="tests.ProductTest">
        <test-method is-config="true" signature="setUp()[pri:0, instance:tests.ProductTest@18271936]" started-at="2026-05-28T15:08:03 IST" name="setUp" finished-at="2026-05-28T15:08:05 IST" duration-ms="2388" status="PASS">
          <reporter-output>
          </reporter-output>
        </test-method> <!-- setUp -->
        <test-method signature="verifyProductpage()[pri:0, instance:tests.ProductTest@18271936]" started-at="2026-05-28T15:08:05 IST" name="verifyProductpage" finished-at="2026-05-28T15:08:06 IST" duration-ms="541" status="PASS">
          <reporter-output>
          </reporter-output>
        </test-method> <!-- verifyProductpage -->
        <test-method is-config="true" signature="tearDown()[pri:0, instance:tests.ProductTest@18271936]" started-at="2026-05-28T15:08:06 IST" name="tearDown" finished-at="2026-05-28T15:08:06 IST" duration-ms="589" status="PASS">
          <reporter-output>
          </reporter-output>
        </test-method> <!-- tearDown -->
      </class> <!-- tests.ProductTest -->
    </test> <!-- LoginTest -->
  </suite> <!-- SeleniumTests -->
</testng-results>
