<?xml version="1.0" encoding="UTF-8"?>
<testng-results ignored="0" total="5" passed="5" failed="0" skipped="0">
  <reporter-output>
  </reporter-output>
  <suite started-at="2026-05-22T18:59:57 IST" name="SeleniumTests" finished-at="2026-05-22T19:00:06 IST" duration-ms="8972">
    <groups>
    </groups>
    <test started-at="2026-05-22T18:59:57 IST" name="LoginTest" finished-at="2026-05-22T19:00:06 IST" duration-ms="8972">
      <class name="tests.ProductsSortTest">
        <test-method is-config="true" signature="setUp()[pri:0, instance:tests.ProductsSortTest@663c9e7a]" started-at="2026-05-22T18:59:57 IST" name="setUp" finished-at="2026-05-22T19:00:01 IST" duration-ms="3123" status="PASS">
          <reporter-output>
          </reporter-output>
        </test-method> <!-- setUp -->
        <test-method is-config="true" signature="setUp()[pri:0, instance:tests.ProductsSortTest@663c9e7a]" started-at="2026-05-22T18:59:57 IST" name="setUp" finished-at="2026-05-22T19:00:00 IST" duration-ms="2403" status="PASS">
          <reporter-output>
          </reporter-output>
        </test-method> <!-- setUp -->
        <test-method is-config="true" signature="setUp()[pri:0, instance:tests.ProductsSortTest@663c9e7a]" started-at="2026-05-22T18:59:57 IST" name="setUp" finished-at="2026-05-22T19:00:00 IST" duration-ms="2403" status="PASS">
          <reporter-output>
          </reporter-output>
        </test-method> <!-- setUp -->
        <test-method signature="verifyNameZToASorting()[pri:0, instance:tests.ProductsSortTest@663c9e7a]" started-at="2026-05-22T19:00:00 IST" name="verifyNameZToASorting" finished-at="2026-05-22T19:00:01 IST" duration-ms="1626" status="PASS">
          <reporter-output>
          </reporter-output>
        </test-method> <!-- verifyNameZToASorting -->
        <test-method signature="verifyNameAToZSorting()[pri:0, instance:tests.ProductsSortTest@663c9e7a]" started-at="2026-05-22T19:00:00 IST" name="verifyNameAToZSorting" finished-at="2026-05-22T19:00:02 IST" duration-ms="1675" status="PASS">
          <reporter-output>
          </reporter-output>
        </test-method> <!-- verifyNameAToZSorting -->
        <test-method signature="verifyPriceHighToLowSorting()[pri:0, instance:tests.ProductsSortTest@663c9e7a]" started-at="2026-05-22T19:00:01 IST" name="verifyPriceHighToLowSorting" finished-at="2026-05-22T19:00:01 IST" duration-ms="627" status="PASS">
          <reporter-output>
          </reporter-output>
        </test-method> <!-- verifyPriceHighToLowSorting -->
        <test-method is-config="true" signature="tearDown()[pri:0, instance:tests.ProductsSortTest@663c9e7a]" started-at="2026-05-22T19:00:01 IST" name="tearDown" finished-at="2026-05-22T19:00:01 IST" duration-ms="290" status="PASS">
          <reporter-output>
          </reporter-output>
        </test-method> <!-- tearDown -->
        <test-method is-config="true" signature="tearDown()[pri:0, instance:tests.ProductsSortTest@663c9e7a]" started-at="2026-05-22T19:00:01 IST" name="tearDown" finished-at="2026-05-22T19:00:02 IST" duration-ms="327" status="PASS">
          <reporter-output>
          </reporter-output>
        </test-method> <!-- tearDown -->
        <test-method is-config="true" signature="setUp()[pri:0, instance:tests.ProductsSortTest@663c9e7a]" started-at="2026-05-22T19:00:01 IST" name="setUp" finished-at="2026-05-22T19:00:04 IST" duration-ms="2136" status="PASS">
          <reporter-output>
          </reporter-output>
        </test-method> <!-- setUp -->
        <test-method is-config="true" signature="tearDown()[pri:0, instance:tests.ProductsSortTest@663c9e7a]" started-at="2026-05-22T19:00:02 IST" name="tearDown" finished-at="2026-05-22T19:00:02 IST" duration-ms="225" status="PASS">
          <reporter-output>
          </reporter-output>
        </test-method> <!-- tearDown -->
        <test-method is-config="true" signature="setUp()[pri:0, instance:tests.ProductsSortTest@663c9e7a]" started-at="2026-05-22T19:00:02 IST" name="setUp" finished-at="2026-05-22T19:00:04 IST" duration-ms="2091" status="PASS">
          <reporter-output>
          </reporter-output>
        </test-method> <!-- setUp -->
        <test-method signature="verifyPriceLowToHighSorting()[pri:0, instance:tests.ProductsSortTest@663c9e7a]" started-at="2026-05-22T19:00:04 IST" name="verifyPriceLowToHighSorting" finished-at="2026-05-22T19:00:04 IST" duration-ms="469" status="PASS">
          <reporter-output>
          </reporter-output>
        </test-method> <!-- verifyPriceLowToHighSorting -->
        <test-method signature="verifyallSortingItems()[pri:0, instance:tests.ProductsSortTest@663c9e7a]" started-at="2026-05-22T19:00:04 IST" name="verifyallSortingItems" finished-at="2026-05-22T19:00:06 IST" duration-ms="2370" status="PASS">
          <reporter-output>
          </reporter-output>
        </test-method> <!-- verifyallSortingItems -->
        <test-method is-config="true" signature="tearDown()[pri:0, instance:tests.ProductsSortTest@663c9e7a]" started-at="2026-05-22T19:00:04 IST" name="tearDown" finished-at="2026-05-22T19:00:04 IST" duration-ms="164" status="PASS">
          <reporter-output>
          </reporter-output>
        </test-method> <!-- tearDown -->
        <test-method is-config="true" signature="tearDown()[pri:0, instance:tests.ProductsSortTest@663c9e7a]" started-at="2026-05-22T19:00:06 IST" name="tearDown" finished-at="2026-05-22T19:00:06 IST" duration-ms="164" status="PASS">
          <reporter-output>
          </reporter-output>
        </test-method> <!-- tearDown -->
      </class> <!-- tests.ProductsSortTest -->
    </test> <!-- LoginTest -->
  </suite> <!-- SeleniumTests -->
</testng-results>
