<?xml version="1.0" encoding="UTF-8"?>
<!-- Generated by org.testng.reporters.JUnitReportReporter -->
<testsuite hostname="DESKTOP-02MMG9T" failures="0" tests="5" name="tests.ProductsSortTest" time="28.078" errors="0" timestamp="2026-05-28T14:52:37 IST" skipped="0">
  <testcase classname="tests.ProductsSortTest" name="verifyNameZToASorting" time="3.940"/>
  <testcase classname="tests.ProductsSortTest" name="verifyPriceHighToLowSorting" time="8.944"/>
  <testcase classname="tests.ProductsSortTest" name="verifyNameAToZSorting" time="4.828"/>
  <testcase classname="tests.ProductsSortTest" name="verifyallSortingItems" time="5.360"/>
  <testcase classname="tests.ProductsSortTest" name="verifyPriceLowToHighSorting" time="5.006"/>
</testsuite> <!-- tests.ProductsSortTest -->
