<?xml version="1.0" encoding="UTF-8"?>
<!-- Generated by org.testng.reporters.JUnitReportReporter -->
<testsuite hostname="DESKTOP-02MMG9T" failures="0" tests="5" name="tests.ProductsSortTest" time="20.093" errors="0" timestamp="2026-05-22T19:00:07 IST" skipped="0">
  <testcase classname="tests.ProductsSortTest" name="verifyNameZToASorting" time="4.007"/>
  <testcase classname="tests.ProductsSortTest" name="verifyNameAToZSorting" time="4.303"/>
  <testcase classname="tests.ProductsSortTest" name="verifyallSortingItems" time="5.657"/>
  <testcase classname="tests.ProductsSortTest" name="verifyPriceHighToLowSorting" time="3.090"/>
  <testcase classname="tests.ProductsSortTest" name="verifyPriceLowToHighSorting" time="3.036"/>
</testsuite> <!-- tests.ProductsSortTest -->
