<?xml version="1.0" encoding="UTF-8"?>
<!-- Generated by org.testng.reporters.JUnitReportReporter -->
<testsuite hostname="DESKTOP-02MMG9T" failures="0" tests="3" name="tests.LoginTest" time="15.996" errors="0" timestamp="2026-05-18T12:20:09 IST" skipped="0">
  <testcase classname="tests.LoginTest" name="verifyLogin" time="3.596"/>
  <testcase classname="tests.LoginTest" name="verifyLogin" time="6.754"/>
  <testcase classname="tests.LoginTest" name="verifyLogin" time="5.646"/>
</testsuite> <!-- tests.LoginTest -->
