<?xml version="1.0" encoding="UTF-8"?>
<!-- Generated by org.testng.reporters.JUnitReportReporter -->
<testsuite hostname="DESKTOP-02MMG9T" failures="0" tests="3" name="tests.CheckOutTest" time="21.071" errors="0" timestamp="2026-05-28T14:52:02 IST" skipped="0">
  <testcase classname="tests.CheckOutTest" name="verifyCheckOut" time="6.884"/>
  <testcase classname="tests.CheckOutTest" name="verifyCancelonCheckOut" time="7.877"/>
  <testcase classname="tests.CheckOutTest" name="verifyContinueShopping" time="6.310"/>
</testsuite> <!-- tests.CheckOutTest -->
