<?xml version="1.0" encoding="UTF-8"?>
<!-- Generated by org.testng.reporters.JUnitReportReporter -->
<testsuite hostname="DESKTOP-02MMG9T" failures="0" tests="3" name="tests.CheckOutTest" time="10.741" errors="0" timestamp="2026-05-22T15:03:43 IST" skipped="0">
  <testcase classname="tests.CheckOutTest" name="verifyCheckOut" time="3.463"/>
  <testcase classname="tests.CheckOutTest" name="verifyContinueShopping" time="3.629"/>
  <testcase classname="tests.CheckOutTest" name="verifyCancelonCheckOut" time="3.649"/>
</testsuite> <!-- tests.CheckOutTest -->
