<?xml version="1.0" encoding="UTF-8"?>
<!-- Generated by org.testng.reporters.JUnitReportReporter -->
<testsuite hostname="DESKTOP-02MMG9T" failures="0" tests="3" name="tests.LoginTest" time="26.360" errors="0" timestamp="2026-05-28T14:50:03 IST" skipped="0">
  <testcase classname="tests.LoginTest" name="verifyLogin" time="8.723"/>
  <testcase classname="tests.LoginTest" name="verifyLogin" time="8.706"/>
  <testcase classname="tests.LoginTest" name="verifyLogin" time="8.931"/>
</testsuite> <!-- tests.LoginTest -->
