<?xml version="1.0" encoding="UTF-8"?>
<!-- Generated by org.testng.reporters.JUnitXMLReporter -->
<testsuite ignored="0" hostname="DESKTOP-02MMG9T" failures="0" tests="5" name="LoginTest" time="8.972" errors="0" timestamp="2026-05-22T19:00:07 IST">
  <testcase classname="tests.ProductsSortTest" name="verifyPriceHighToLowSorting" time="0.627"/>
  <testcase classname="tests.ProductsSortTest" name="verifyNameZToASorting" time="1.626"/>
  <testcase classname="tests.ProductsSortTest" name="verifyNameAToZSorting" time="1.675"/>
  <testcase classname="tests.ProductsSortTest" name="verifyPriceLowToHighSorting" time="0.469"/>
  <testcase classname="tests.ProductsSortTest" name="verifyallSortingItems" time="2.37"/>
</testsuite> <!-- LoginTest -->
